<?xml version="1.0" encoding="UTF-8"?>
<!-- Generated by org.testng.reporters.JUnitXMLReporter -->
<testsuite ignored="0" hostname="Timothys-Laptop.local" failures="0" tests="4" name="Default test" time="90.354" errors="0" timestamp="2025-01-20T02:48:45 WIB">
  <testcase classname="basicTest.TC9_CalculateItemPriceWithTax" name="chooseItem" time="12.747"/>
  <testcase classname="basicTest.TC9_CalculateItemPriceWithTax" name="addItemToCart" time="4.286"/>
  <testcase classname="basicTest.TC9_CalculateItemPriceWithTax" name="verifyItemInCart" time="6.592"/>
  <testcase classname="basicTest.TC9_CalculateItemPriceWithTax" name="verifySubtotalPrice" time="0.947"/>
</testsuite> <!-- Default test -->
