<?xml version="1.0" encoding="UTF-8"?>
<!-- Generated by org.testng.reporters.JUnitXMLReporter -->
<testsuite ignored="0" hostname="Timothys-Laptop.local" failures="0" tests="3" name="Default test" time="97.577" errors="0" timestamp="2025-01-19T19:48:31 WIB">
  <testcase classname="basicTest.TC1_AddItemToCart" name="chooseItem" time="15.031"/>
  <testcase classname="basicTest.TC1_AddItemToCart" name="addItemToCart" time="11.741"/>
  <testcase classname="basicTest.TC1_AddItemToCart" name="verifyItemInCart" time="0.299"/>
</testsuite> <!-- Default test -->
