<?xml version="1.0" encoding="UTF-8"?>
<testng-results ignored="0" total="4" passed="4" failed="0" skipped="0">
  <reporter-output>
  </reporter-output>
  <suite started-at="2025-01-20T02:47:14 WIB" name="Default suite" finished-at="2025-01-20T02:48:45 WIB" duration-ms="90354">
    <groups>
    </groups>
    <test started-at="2025-01-20T02:47:14 WIB" name="Default test" finished-at="2025-01-20T02:48:45 WIB" duration-ms="90354">
      <class name="basicTest.TC9_CalculateItemPriceWithTax">
        <test-method is-config="true" signature="setUp()[pri:0, instance:basicTest.TC9_CalculateItemPriceWithTax@40a4337a]" started-at="2025-01-20T02:47:14 WIB" name="setUp" finished-at="2025-01-20T02:48:13 WIB" duration-ms="58185" status="PASS">
          <reporter-output>
          </reporter-output>
        </test-method> <!-- setUp -->
        <test-method signature="chooseItem()[pri:0, instance:basicTest.TC9_CalculateItemPriceWithTax@40a4337a]" started-at="2025-01-20T02:48:13 WIB" name="chooseItem" finished-at="2025-01-20T02:48:25 WIB" duration-ms="12747" status="PASS">
          <reporter-output>
          </reporter-output>
        </test-method> <!-- chooseItem -->
        <test-method signature="addItemToCart()[pri:1, instance:basicTest.TC9_CalculateItemPriceWithTax@40a4337a]" started-at="2025-01-20T02:48:25 WIB" name="addItemToCart" finished-at="2025-01-20T02:48:30 WIB" duration-ms="4286" status="PASS">
          <reporter-output>
          </reporter-output>
        </test-method> <!-- addItemToCart -->
        <test-method signature="verifyItemInCart()[pri:2, instance:basicTest.TC9_CalculateItemPriceWithTax@40a4337a]" started-at="2025-01-20T02:48:30 WIB" name="verifyItemInCart" finished-at="2025-01-20T02:48:36 WIB" duration-ms="6592" status="PASS">
          <reporter-output>
          </reporter-output>
        </test-method> <!-- verifyItemInCart -->
        <test-method signature="verifySubtotalPrice()[pri:3, instance:basicTest.TC9_CalculateItemPriceWithTax@40a4337a]" started-at="2025-01-20T02:48:36 WIB" name="verifySubtotalPrice" finished-at="2025-01-20T02:48:37 WIB" duration-ms="947" status="PASS">
          <reporter-output>
          </reporter-output>
        </test-method> <!-- verifySubtotalPrice -->
        <test-method is-config="true" signature="tearDown()[pri:0, instance:basicTest.TC9_CalculateItemPriceWithTax@40a4337a]" started-at="2025-01-20T02:48:37 WIB" name="tearDown" finished-at="2025-01-20T02:48:45 WIB" duration-ms="7538" status="PASS">
          <reporter-output>
          </reporter-output>
        </test-method> <!-- tearDown -->
      </class> <!-- basicTest.TC9_CalculateItemPriceWithTax -->
    </test> <!-- Default test -->
  </suite> <!-- Default suite -->
</testng-results>
